
  .   ____          _            __ _ _
 /\\ / ___'_ __ _ _(_)_ __  __ _ \ \ \ \
( ( )\___ | '_ | '_| | '_ \/ _` | \ \ \ \
 \\/  ___)| |_)| | | | | || (_| |  ) ) ) )
  '  |____| .__|_| |_|_| |_\__, | / / / /
 =========|_|==============|___/=/_/_/_/
 :: Spring Boot ::        (v2.1.8.RELEASE)

2019-10-01 20:24:08.591  INFO 16715 --- [           main] c.o.spinautodb.SpinautodbApplication     : Starting SpinautodbApplication v0.0.1-SNAPSHOT on OpsMx with PID 16715 (/home/opsmx/lalit/work/opsmx/spinautodb/target/spinautodb.jar started by opsmx in /home/opsmx/lalit/work/opsmx/spinautodb)
2019-10-01 20:24:08.601  INFO 16715 --- [           main] c.o.spinautodb.SpinautodbApplication     : No active profile set, falling back to default profiles: default
2019-10-01 20:24:09.216  INFO 16715 --- [           main] c.o.s.component.ApplicationStartup       : currentUserDir:/home/opsmx
2019-10-01 20:24:09.216  INFO 16715 --- [           main] c.o.s.component.ApplicationStartup       : dbaccount:dbaccount
2019-10-01 20:24:09.216  INFO 16715 --- [           main] c.o.s.component.ApplicationStartup       : dbscript:dbscript
2019-10-01 20:24:09.216  INFO 16715 --- [           main] c.o.s.component.ApplicationStartup       : 
2019-10-01 20:24:09.217  INFO 16715 --- [           main] com.opsmx.spinautodb.util.TerraAppUtil   : completed writing in to file :/home/opsmx/.opsmx/dbscript/migrationdb.sql
2019-10-01 20:24:09.217  INFO 16715 --- [           main] c.o.s.component.ApplicationStartup       : 
2019-10-01 20:24:09.217  INFO 16715 --- [           main] c.o.s.component.ApplicationStartup       : 
2019-10-01 20:24:09.227  INFO 16715 --- [           main] c.o.s.component.ApplicationStartup       : 
2019-10-01 20:24:09.233  INFO 16715 --- [           main] c.o.s.component.ApplicationStartup       : accountName::my-database2
2019-10-01 20:24:09.233  INFO 16715 --- [           main] c.o.s.component.ApplicationStartup       : dbType::mysql
2019-10-01 20:24:09.233  INFO 16715 --- [           main] c.o.s.component.ApplicationStartup       : userName::user
2019-10-01 20:24:09.233  INFO 16715 --- [           main] c.o.s.component.ApplicationStartup       : password::pwd
2019-10-01 20:24:09.233  INFO 16715 --- [           main] c.o.s.component.ApplicationStartup       : dbEndpoint::endpoint
2019-10-01 20:24:09.234  INFO 16715 --- [           main] c.o.s.interfaces.ProviderpostgresImpl    : ::::  In serviceProviderSetting method of ProviderpostgresImpl class :::: 

2019-10-01 20:24:09.241 ERROR 16715 --- [           main] org.postgresql.Driver                    : Error in url: jdbc:postgresql://endpoint
2019-10-01 20:24:09.242 ERROR 16715 --- [           main] org.postgresql.Driver                    : Error in url: jdbc:postgresql://endpoint
java.sql.SQLException: No suitable driver found for jdbc:postgresql://endpoint
	at java.sql.DriverManager.getConnection(DriverManager.java:689)
	at java.sql.DriverManager.getConnection(DriverManager.java:247)
	at com.opsmx.spinautodb.interfaces.ProvidermysqlImpl.serviceProviderSetting(ProvidermysqlImpl.java:48)
	at com.opsmx.spinautodb.component.ApplicationStartup.onApplicationEvent(ApplicationStartup.java:101)
	at com.opsmx.spinautodb.component.ApplicationStartup.onApplicationEvent(ApplicationStartup.java:42)
	at org.springframework.context.event.SimpleApplicationEventMulticaster.doInvokeListener(SimpleApplicationEventMulticaster.java:172)
	at org.springframework.context.event.SimpleApplicationEventMulticaster.invokeListener(SimpleApplicationEventMulticaster.java:165)
	at org.springframework.context.event.SimpleApplicationEventMulticaster.multicastEvent(SimpleApplicationEventMulticaster.java:139)
	at org.springframework.context.support.AbstractApplicationContext.publishEvent(AbstractApplicationContext.java:402)
	at org.springframework.context.support.AbstractApplicationContext.publishEvent(AbstractApplicationContext.java:359)
	at org.springframework.context.support.AbstractApplicationContext.finishRefresh(AbstractApplicationContext.java:896)
	at org.springframework.context.support.AbstractApplicationContext.refresh(AbstractApplicationContext.java:552)
	at org.springframework.boot.SpringApplication.refresh(SpringApplication.java:744)
	at org.springframework.boot.SpringApplication.refreshContext(SpringApplication.java:391)
	at org.springframework.boot.SpringApplication.run(SpringApplication.java:312)
	at org.springframework.boot.SpringApplication.run(SpringApplication.java:1215)
	at org.springframework.boot.SpringApplication.run(SpringApplication.java:1204)
	at com.opsmx.spinautodb.SpinautodbApplication.main(SpinautodbApplication.java:11)
	at sun.reflect.NativeMethodAccessorImpl.invoke0(Native Method)
	at sun.reflect.NativeMethodAccessorImpl.invoke(NativeMethodAccessorImpl.java:62)
	at sun.reflect.DelegatingMethodAccessorImpl.invoke(DelegatingMethodAccessorImpl.java:43)
	at java.lang.reflect.Method.invoke(Method.java:498)
	at org.springframework.boot.loader.MainMethodRunner.run(MainMethodRunner.java:48)
	at org.springframework.boot.loader.Launcher.launch(Launcher.java:87)
	at org.springframework.boot.loader.Launcher.launch(Launcher.java:51)
	at org.springframework.boot.loader.JarLauncher.main(JarLauncher.java:52)
2019-10-01 20:24:09.248  INFO 16715 --- [           main] c.o.spinautodb.SpinautodbApplication     : Started SpinautodbApplication in 1.12 seconds (JVM running for 1.515)
